[2025-04-21 23:57:59,578] INFO in logger: REQUEST: GET /
[2025-04-21 23:57:59,596] INFO in logger: RESPONSE: /, STATUS: 200
[2025-04-21 23:58:01,127] INFO in logger: REQUEST: GET /pharmacies
[2025-04-21 23:58:01,131] INFO in logger: RESPONSE: /pharmacies, STATUS: 200
[2025-04-21 23:58:01,168] INFO in logger: REQUEST: GET /pharmacies, PARAMS: {'_': '1745260081153'}
[2025-04-21 23:58:01,182] INFO in logger: RESPONSE: /pharmacies, STATUS: 200, DATA: [{'ph_add': '505 Willow Ave, Houston, TZy', 'ph_contact': '+1-713-555-8901', 'ph_name': 'Apollo Pharmacy'}, {'ph_add': '202 Elm St, Austin, TX', 'ph_contact': '+1-512-555-5678', 'ph_name': 'Care Pharmacy'}, {'ph_add': '101 Maple Blvd, Boston, MA', 'ph_contact': '+1-617-555-4567', 'ph_name': 'City Drugs'}, {'ph_add': '404 Birch Dr, Miami, FL', 'ph_contact': '+1-305-555-7890', 'ph_name': 'Family Pharma'}, {'ph_add': '456 Oak Ave, Chicago, IL', 'ph_contact': '+1-312-555-2345', 'ph_name': 'HealthMart'}, {'ph_add': '606 Spruce St, Denver, CO', 'ph_contact': '+1-303-555-9012', 'ph_name': 'Lifecare Drugs'}, {'ph_add': '123 Main St, New York, NY', 'ph_contact': '+1-212-555-1234', 'ph_name': 'MedPlus'}, {'ph_add': '707 Aspen Ct, Atlanta, GA', 'ph_contact': '+1-404-555-0123', 'ph_name': 'Metro Meds'}, {'ph_add': '303 Cedar Ln, Seattle, WA', 'ph_contact': '+1-206-555-6789', 'ph_name': 'Quick Meds'}, {'ph_add': '789 Pine Rd, San Francisco, CA', 'ph_contact': '+1-415-555-3456', 'ph_name': 'Wellness... [truncated]
[2025-04-21 23:58:03,306] INFO in logger: REQUEST: GET /logs
[2025-04-21 23:58:03,306] INFO in logger: RESPONSE: /logs, STATUS: 200
[2025-04-21 23:58:08,622] INFO in logger: REQUEST: GET /logs/database
[2025-04-21 23:58:08,623] INFO in logger: RESPONSE: /logs/database, STATUS: 200
[2025-04-21 23:58:15,109] INFO in logger: REQUEST: GET /logs/app
[2025-04-21 23:58:15,110] INFO in logger: RESPONSE: /logs/app, STATUS: 200
[2025-04-21 23:58:24,267] INFO in logger: REQUEST: GET /pharmacies, PARAMS: {'_': '1745260104249'}
[2025-04-21 23:58:24,279] INFO in logger: RESPONSE: /pharmacies, STATUS: 200, DATA: [{'ph_add': '505 Willow Ave, Houston, TZy', 'ph_contact': '+1-713-555-8901', 'ph_name': 'Apollo Pharmacy'}, {'ph_add': '202 Elm St, Austin, TX', 'ph_contact': '+1-512-555-5678', 'ph_name': 'Care Pharmacy'}, {'ph_add': '101 Maple Blvd, Boston, MA', 'ph_contact': '+1-617-555-4567', 'ph_name': 'City Drugs'}, {'ph_add': '404 Birch Dr, Miami, FL', 'ph_contact': '+1-305-555-7890', 'ph_name': 'Family Pharma'}, {'ph_add': '456 Oak Ave, Chicago, IL', 'ph_contact': '+1-312-555-2345', 'ph_name': 'HealthMart'}, {'ph_add': '606 Spruce St, Denver, CO', 'ph_contact': '+1-303-555-9012', 'ph_name': 'Lifecare Drugs'}, {'ph_add': '123 Main St, New York, NY', 'ph_contact': '+1-212-555-1234', 'ph_name': 'MedPlus'}, {'ph_add': '707 Aspen Ct, Atlanta, GA', 'ph_contact': '+1-404-555-0123', 'ph_name': 'Metro Meds'}, {'ph_add': '303 Cedar Ln, Seattle, WA', 'ph_contact': '+1-206-555-6789', 'ph_name': 'Quick Meds'}, {'ph_add': '789 Pine Rd, San Francisco, CA', 'ph_contact': '+1-415-555-3456', 'ph_name': 'Wellness... [truncated]
[2025-04-21 23:58:25,657] INFO in logger: REQUEST: GET /pharmacies
[2025-04-21 23:58:25,658] INFO in logger: RESPONSE: /pharmacies, STATUS: 200
[2025-04-21 23:58:25,696] INFO in logger: REQUEST: GET /pharmacies, PARAMS: {'_': '1745260105682'}
[2025-04-21 23:58:25,706] INFO in logger: RESPONSE: /pharmacies, STATUS: 200, DATA: [{'ph_add': '505 Willow Ave, Houston, TZy', 'ph_contact': '+1-713-555-8901', 'ph_name': 'Apollo Pharmacy'}, {'ph_add': '202 Elm St, Austin, TX', 'ph_contact': '+1-512-555-5678', 'ph_name': 'Care Pharmacy'}, {'ph_add': '101 Maple Blvd, Boston, MA', 'ph_contact': '+1-617-555-4567', 'ph_name': 'City Drugs'}, {'ph_add': '404 Birch Dr, Miami, FL', 'ph_contact': '+1-305-555-7890', 'ph_name': 'Family Pharma'}, {'ph_add': '456 Oak Ave, Chicago, IL', 'ph_contact': '+1-312-555-2345', 'ph_name': 'HealthMart'}, {'ph_add': '606 Spruce St, Denver, CO', 'ph_contact': '+1-303-555-9012', 'ph_name': 'Lifecare Drugs'}, {'ph_add': '123 Main St, New York, NY', 'ph_contact': '+1-212-555-1234', 'ph_name': 'MedPlus'}, {'ph_add': '707 Aspen Ct, Atlanta, GA', 'ph_contact': '+1-404-555-0123', 'ph_name': 'Metro Meds'}, {'ph_add': '303 Cedar Ln, Seattle, WA', 'ph_contact': '+1-206-555-6789', 'ph_name': 'Quick Meds'}, {'ph_add': '789 Pine Rd, San Francisco, CA', 'ph_contact': '+1-415-555-3456', 'ph_name': 'Wellness... [truncated]
[2025-04-21 23:58:28,127] INFO in logger: REQUEST: GET /pharmacy_stock/Apollo Pharmacy
[2025-04-21 23:58:28,144] INFO in logger: RESPONSE: /pharmacy_stock/Apollo Pharmacy, STATUS: 200, DATA: [{'pc_name': 'Novartis', 'price': '92.50', 'quantity': 70, 'trade_name': 'Diovan'}, {'pc_name': 'Pfizer', 'price': '47.99', 'quantity': 380, 'trade_name': 'Xanax'}]
[2025-04-21 23:58:43,198] INFO in logger: REQUEST: POST /add_pharmacy, PARAMS: {'ph_name': 'Idk', 'ph_add': 'lite', 'ph_contact': '12345678'}
[2025-04-21 23:58:43,217] INFO in logger: RESPONSE: /add_pharmacy, STATUS: 302
[2025-04-21 23:58:43,224] INFO in logger: REQUEST: GET /pharmacies
[2025-04-21 23:58:43,225] INFO in logger: RESPONSE: /pharmacies, STATUS: 200
[2025-04-21 23:58:43,230] INFO in logger: REQUEST: GET /pharmacies, PARAMS: {'_': '1745260105683'}
[2025-04-21 23:58:43,243] INFO in logger: RESPONSE: /pharmacies, STATUS: 200, DATA: [{'ph_add': '505 Willow Ave, Houston, TZy', 'ph_contact': '+1-713-555-8901', 'ph_name': 'Apollo Pharmacy'}, {'ph_add': '202 Elm St, Austin, TX', 'ph_contact': '+1-512-555-5678', 'ph_name': 'Care Pharmacy'}, {'ph_add': '101 Maple Blvd, Boston, MA', 'ph_contact': '+1-617-555-4567', 'ph_name': 'City Drugs'}, {'ph_add': '404 Birch Dr, Miami, FL', 'ph_contact': '+1-305-555-7890', 'ph_name': 'Family Pharma'}, {'ph_add': '456 Oak Ave, Chicago, IL', 'ph_contact': '+1-312-555-2345', 'ph_name': 'HealthMart'}, {'ph_add': 'lite', 'ph_contact': '12345678', 'ph_name': 'Idk'}, {'ph_add': '606 Spruce St, Denver, CO', 'ph_contact': '+1-303-555-9012', 'ph_name': 'Lifecare Drugs'}, {'ph_add': '123 Main St, New York, NY', 'ph_contact': '+1-212-555-1234', 'ph_name': 'MedPlus'}, {'ph_add': '707 Aspen Ct, Atlanta, GA', 'ph_contact': '+1-404-555-0123', 'ph_name': 'Metro Meds'}, {'ph_add': '303 Cedar Ln, Seattle, WA', 'ph_contact': '+1-206-555-6789', 'ph_name': 'Quick Meds'}, {'ph_add': '789 Pine Rd, San Franc... [truncated]
[2025-04-21 23:58:45,511] INFO in logger: REQUEST: GET /pharmacies
[2025-04-21 23:58:45,512] INFO in logger: RESPONSE: /pharmacies, STATUS: 200
[2025-04-21 23:58:45,548] INFO in logger: REQUEST: GET /pharmacies, PARAMS: {'_': '1745260125534'}
[2025-04-21 23:58:45,561] INFO in logger: RESPONSE: /pharmacies, STATUS: 200, DATA: [{'ph_add': '505 Willow Ave, Houston, TZy', 'ph_contact': '+1-713-555-8901', 'ph_name': 'Apollo Pharmacy'}, {'ph_add': '202 Elm St, Austin, TX', 'ph_contact': '+1-512-555-5678', 'ph_name': 'Care Pharmacy'}, {'ph_add': '101 Maple Blvd, Boston, MA', 'ph_contact': '+1-617-555-4567', 'ph_name': 'City Drugs'}, {'ph_add': '404 Birch Dr, Miami, FL', 'ph_contact': '+1-305-555-7890', 'ph_name': 'Family Pharma'}, {'ph_add': '456 Oak Ave, Chicago, IL', 'ph_contact': '+1-312-555-2345', 'ph_name': 'HealthMart'}, {'ph_add': 'lite', 'ph_contact': '12345678', 'ph_name': 'Idk'}, {'ph_add': '606 Spruce St, Denver, CO', 'ph_contact': '+1-303-555-9012', 'ph_name': 'Lifecare Drugs'}, {'ph_add': '123 Main St, New York, NY', 'ph_contact': '+1-212-555-1234', 'ph_name': 'MedPlus'}, {'ph_add': '707 Aspen Ct, Atlanta, GA', 'ph_contact': '+1-404-555-0123', 'ph_name': 'Metro Meds'}, {'ph_add': '303 Cedar Ln, Seattle, WA', 'ph_contact': '+1-206-555-6789', 'ph_name': 'Quick Meds'}, {'ph_add': '789 Pine Rd, San Franc... [truncated]
[2025-04-21 23:58:55,021] INFO in logger: REQUEST: POST /update_pharmacy, PARAMS: {'old_ph_name': 'Care Pharmacy', 'ph_name': 'Care Pharmacy', 'ph_add': '202 Elm St, Austin, TX', 'ph_contact': '+1-512-555-5679'}
[2025-04-21 23:58:55,023] INFO in logger: REQUEST: POST /update_pharmacy, PARAMS: {'old_ph_name': 'Care Pharmacy', 'ph_name': 'Care Pharmacy', 'ph_add': '202 Elm St, Austin, TX', 'ph_contact': '+1-512-555-5679'}
[2025-04-21 23:58:55,038] INFO in logger: RESPONSE: /update_pharmacy, STATUS: 302
[2025-04-21 23:58:55,039] INFO in logger: RESPONSE: /update_pharmacy, STATUS: 302
[2025-04-21 23:58:55,043] INFO in logger: REQUEST: GET /pharmacies
[2025-04-21 23:58:55,044] INFO in logger: REQUEST: GET /pharmacies
[2025-04-21 23:58:55,044] INFO in logger: RESPONSE: /pharmacies, STATUS: 200
[2025-04-21 23:58:55,045] INFO in logger: RESPONSE: /pharmacies, STATUS: 200
[2025-04-21 23:58:55,048] INFO in logger: REQUEST: GET /pharmacies, PARAMS: {'_': '1745260125535'}
[2025-04-21 23:58:55,052] INFO in logger: REQUEST: GET /pharmacies, PARAMS: {'_': '1745260125536'}
[2025-04-21 23:58:55,058] INFO in logger: RESPONSE: /pharmacies, STATUS: 200, DATA: [{'ph_add': '505 Willow Ave, Houston, TZy', 'ph_contact': '+1-713-555-8901', 'ph_name': 'Apollo Pharmacy'}, {'ph_add': '202 Elm St, Austin, TX', 'ph_contact': '+1-512-555-5679', 'ph_name': 'Care Pharmacy'}, {'ph_add': '101 Maple Blvd, Boston, MA', 'ph_contact': '+1-617-555-4567', 'ph_name': 'City Drugs'}, {'ph_add': '404 Birch Dr, Miami, FL', 'ph_contact': '+1-305-555-7890', 'ph_name': 'Family Pharma'}, {'ph_add': '456 Oak Ave, Chicago, IL', 'ph_contact': '+1-312-555-2345', 'ph_name': 'HealthMart'}, {'ph_add': 'lite', 'ph_contact': '12345678', 'ph_name': 'Idk'}, {'ph_add': '606 Spruce St, Denver, CO', 'ph_contact': '+1-303-555-9012', 'ph_name': 'Lifecare Drugs'}, {'ph_add': '123 Main St, New York, NY', 'ph_contact': '+1-212-555-1234', 'ph_name': 'MedPlus'}, {'ph_add': '707 Aspen Ct, Atlanta, GA', 'ph_contact': '+1-404-555-0123', 'ph_name': 'Metro Meds'}, {'ph_add': '303 Cedar Ln, Seattle, WA', 'ph_contact': '+1-206-555-6789', 'ph_name': 'Quick Meds'}, {'ph_add': '789 Pine Rd, San Franc... [truncated]
[2025-04-21 23:58:55,061] INFO in logger: RESPONSE: /pharmacies, STATUS: 200, DATA: [{'ph_add': '505 Willow Ave, Houston, TZy', 'ph_contact': '+1-713-555-8901', 'ph_name': 'Apollo Pharmacy'}, {'ph_add': '202 Elm St, Austin, TX', 'ph_contact': '+1-512-555-5679', 'ph_name': 'Care Pharmacy'}, {'ph_add': '101 Maple Blvd, Boston, MA', 'ph_contact': '+1-617-555-4567', 'ph_name': 'City Drugs'}, {'ph_add': '404 Birch Dr, Miami, FL', 'ph_contact': '+1-305-555-7890', 'ph_name': 'Family Pharma'}, {'ph_add': '456 Oak Ave, Chicago, IL', 'ph_contact': '+1-312-555-2345', 'ph_name': 'HealthMart'}, {'ph_add': 'lite', 'ph_contact': '12345678', 'ph_name': 'Idk'}, {'ph_add': '606 Spruce St, Denver, CO', 'ph_contact': '+1-303-555-9012', 'ph_name': 'Lifecare Drugs'}, {'ph_add': '123 Main St, New York, NY', 'ph_contact': '+1-212-555-1234', 'ph_name': 'MedPlus'}, {'ph_add': '707 Aspen Ct, Atlanta, GA', 'ph_contact': '+1-404-555-0123', 'ph_name': 'Metro Meds'}, {'ph_add': '303 Cedar Ln, Seattle, WA', 'ph_contact': '+1-206-555-6789', 'ph_name': 'Quick Meds'}, {'ph_add': '789 Pine Rd, San Franc... [truncated]
[2025-04-21 23:58:58,235] INFO in logger: REQUEST: GET /logs
[2025-04-21 23:58:58,236] INFO in logger: RESPONSE: /logs, STATUS: 200
[2025-04-21 23:58:59,236] INFO in logger: REQUEST: GET /logs/database
[2025-04-21 23:58:59,237] INFO in logger: RESPONSE: /logs/database, STATUS: 200
[2025-04-21 23:59:24,911] INFO in logger: REQUEST: GET /logs/app
[2025-04-21 23:59:24,913] INFO in logger: RESPONSE: /logs/app, STATUS: 200
[2025-04-21 23:59:31,619] INFO in logger: REQUEST: GET /pharmacies
[2025-04-21 23:59:31,620] INFO in logger: RESPONSE: /pharmacies, STATUS: 200
[2025-04-21 23:59:31,661] INFO in logger: REQUEST: GET /pharmacies, PARAMS: {'_': '1745260171633'}
[2025-04-21 23:59:31,673] INFO in logger: RESPONSE: /pharmacies, STATUS: 200, DATA: [{'ph_add': '505 Willow Ave, Houston, TZy', 'ph_contact': '+1-713-555-8901', 'ph_name': 'Apollo Pharmacy'}, {'ph_add': '202 Elm St, Austin, TX', 'ph_contact': '+1-512-555-5679', 'ph_name': 'Care Pharmacy'}, {'ph_add': '101 Maple Blvd, Boston, MA', 'ph_contact': '+1-617-555-4567', 'ph_name': 'City Drugs'}, {'ph_add': '404 Birch Dr, Miami, FL', 'ph_contact': '+1-305-555-7890', 'ph_name': 'Family Pharma'}, {'ph_add': '456 Oak Ave, Chicago, IL', 'ph_contact': '+1-312-555-2345', 'ph_name': 'HealthMart'}, {'ph_add': 'lite', 'ph_contact': '12345678', 'ph_name': 'Idk'}, {'ph_add': '606 Spruce St, Denver, CO', 'ph_contact': '+1-303-555-9012', 'ph_name': 'Lifecare Drugs'}, {'ph_add': '123 Main St, New York, NY', 'ph_contact': '+1-212-555-1234', 'ph_name': 'MedPlus'}, {'ph_add': '707 Aspen Ct, Atlanta, GA', 'ph_contact': '+1-404-555-0123', 'ph_name': 'Metro Meds'}, {'ph_add': '303 Cedar Ln, Seattle, WA', 'ph_contact': '+1-206-555-6789', 'ph_name': 'Quick Meds'}, {'ph_add': '789 Pine Rd, San Franc... [truncated]
[2025-04-21 23:59:38,651] INFO in logger: REQUEST: GET /companies
[2025-04-21 23:59:38,656] INFO in logger: RESPONSE: /companies, STATUS: 200
[2025-04-21 23:59:38,696] INFO in logger: REQUEST: GET /companies, PARAMS: {'_': '1745260178681'}
[2025-04-21 23:59:38,707] INFO in logger: RESPONSE: /companies, STATUS: 200, DATA: [{'pc_contact': '+44-20-7604-8009', 'pc_name': 'AstraZeneca'}, {'pc_contact': '+49-214-30-1', 'pc_name': 'Bayer'}, {'pc_contact': '+44-20-8047-5000', 'pc_name': 'GlaxoSmithKline'}, {'pc_contact': '9515729876', 'pc_name': "Hemnath's Pharmacy"}, {'pc_contact': '+1-732-524-0400', 'pc_name': 'Johnson & Johnson'}, {'pc_contact': '+1-908-740-4000', 'pc_name': 'Merck'}, {'pc_contact': '+41-61-324-1111', 'pc_name': 'Novartis'}, {'pc_contact': '+1-212-733-2323', 'pc_name': 'Pfizer'}, {'pc_contact': '+41-61-688-1111', 'pc_name': 'Roche'}, {'pc_contact': '+33-1-53-77-40-00', 'pc_name': 'Sanofi'}, {'pc_contact': '+91-22-4324-4324', 'pc_name': 'Sun Pharma'}]
[2025-04-21 23:59:39,751] INFO in logger: REQUEST: GET /company_drugs/AstraZeneca
[2025-04-21 23:59:39,772] INFO in logger: RESPONSE: /company_drugs/AstraZeneca, STATUS: 200, DATA: [{'formula': 'C22H28FN3O6S', 'trade_name': 'Crestor'}, {'formula': 'C17H19N3O3S', 'trade_name': 'Nexium'}]
[2025-04-21 23:59:53,450] INFO in logger: REQUEST: POST /update_company, PARAMS: {'old_pc_name': 'AstraZeneca', 'pc_name': 'AstraZeneca', 'pc_contact': '+44-20-7604-8008'}
[2025-04-21 23:59:53,451] INFO in logger: REQUEST: POST /update_company, PARAMS: {'old_pc_name': 'AstraZeneca', 'pc_name': 'AstraZeneca', 'pc_contact': '+44-20-7604-8008'}
[2025-04-21 23:59:53,466] INFO in logger: RESPONSE: /update_company, STATUS: 302
[2025-04-21 23:59:53,467] INFO in logger: RESPONSE: /update_company, STATUS: 302
[2025-04-21 23:59:53,470] INFO in logger: REQUEST: GET /companies
[2025-04-21 23:59:53,471] INFO in logger: REQUEST: GET /companies
[2025-04-21 23:59:53,471] INFO in logger: RESPONSE: /companies, STATUS: 200
[2025-04-21 23:59:53,471] INFO in logger: RESPONSE: /companies, STATUS: 200
[2025-04-21 23:59:53,477] INFO in logger: REQUEST: GET /companies, PARAMS: {'_': '1745260178683'}
[2025-04-21 23:59:53,484] INFO in logger: RESPONSE: /companies, STATUS: 200, DATA: [{'pc_contact': '+44-20-7604-8008', 'pc_name': 'AstraZeneca'}, {'pc_contact': '+49-214-30-1', 'pc_name': 'Bayer'}, {'pc_contact': '+44-20-8047-5000', 'pc_name': 'GlaxoSmithKline'}, {'pc_contact': '9515729876', 'pc_name': "Hemnath's Pharmacy"}, {'pc_contact': '+1-732-524-0400', 'pc_name': 'Johnson & Johnson'}, {'pc_contact': '+1-908-740-4000', 'pc_name': 'Merck'}, {'pc_contact': '+41-61-324-1111', 'pc_name': 'Novartis'}, {'pc_contact': '+1-212-733-2323', 'pc_name': 'Pfizer'}, {'pc_contact': '+41-61-688-1111', 'pc_name': 'Roche'}, {'pc_contact': '+33-1-53-77-40-00', 'pc_name': 'Sanofi'}, {'pc_contact': '+91-22-4324-4324', 'pc_name': 'Sun Pharma'}]
[2025-04-21 23:59:55,055] INFO in logger: REQUEST: GET /doctors
[2025-04-21 23:59:55,063] INFO in logger: RESPONSE: /doctors, STATUS: 200
[2025-04-21 23:59:55,099] INFO in logger: REQUEST: GET /doctors, PARAMS: {'_': '1745260195086'}
[2025-04-21 23:59:55,111] INFO in logger: RESPONSE: /doctors, STATUS: 200, DATA: [{'d_aadhar': '012345678901', 'd_name': 'Dr. Richard Webber', 'spec': 'General Surgery'}, {'d_aadhar': '123456789012', 'd_name': 'Dr. John Carter', 'spec': 'Cardiology'}, {'d_aadhar': '234567890123', 'd_name': 'Dr. Meredith Grey', 'spec': 'Neurology'}, {'d_aadhar': '345678901234', 'd_name': 'Dr. Gregory House', 'spec': 'Diagnostics'}, {'d_aadhar': '456789012345', 'd_name': 'Dr. Cristina Yang', 'spec': 'Cardiothoracic'}, {'d_aadhar': '567890123456', 'd_name': 'Dr. Derek Shepherd', 'spec': 'Neurosurgery'}, {'d_aadhar': '678901234567', 'd_name': 'Dr. Lisa Cuddy', 'spec': 'Administration'}, {'d_aadhar': '789012345678', 'd_name': 'Dr. Miranda Bailey', 'spec': 'General Surgery'}, {'d_aadhar': '890123456789', 'd_name': 'Dr. James Wilson', 'spec': 'Oncology'}, {'d_aadhar': '901234567890', 'd_name': 'Dr. Allison Cameron Reddy', 'spec': 'Immunology'}]
[2025-04-21 23:59:57,768] INFO in logger: REQUEST: GET /doctor_patients/901234567890
[2025-04-21 23:59:57,785] INFO in logger: RESPONSE: /doctor_patients/901234567890, STATUS: 200, DATA: [{'p_aadhar': '990011223344', 'p_add': '716 Nineteenth St, El Paso, TX', 'p_age': 64, 'p_name': 'Joseph Walker'}, {'p_aadhar': '999000111222', 'p_add': '606 Ninth Blvd, Dallas, TX', 'p_age': 47, 'p_name': 'Thomas Rodriguez'}]
[2025-04-22 00:00:00,639] INFO in logger: REQUEST: GET /prescriptions
[2025-04-22 00:00:00,644] INFO in logger: RESPONSE: /prescriptions, STATUS: 200
[2025-04-22 00:00:00,676] INFO in logger: REQUEST: GET /prescriptions, PARAMS: {'_': '1745260200663'}
[2025-04-22 00:00:00,689] INFO in logger: RESPONSE: /prescriptions, STATUS: 200, DATA: [{'d_id': '567890123456', 'd_name': 'Dr. Derek Shepherd', 'p_id': '555666777888', 'p_name': 'David Wilson', 'pr_date': 'Tue, 12 Mar 2024 00:00:00 GMT', 'pr_no': 25}, {'d_id': '456789012345', 'd_name': 'Dr. Cristina Yang', 'p_id': '444555666777', 'p_name': 'Emily Davis', 'pr_date': 'Sun, 10 Mar 2024 00:00:00 GMT', 'pr_no': 24}, {'d_id': '345678901234', 'd_name': 'Dr. Gregory House', 'p_id': '333444555666', 'p_name': 'Michael Johnson', 'pr_date': 'Fri, 08 Mar 2024 00:00:00 GMT', 'pr_no': 23}, {'d_id': '234567890123', 'd_name': 'Dr. Meredith Grey', 'p_id': '222333444555', 'p_name': 'Susan White', 'pr_date': 'Tue, 05 Mar 2024 00:00:00 GMT', 'pr_no': 22}, {'d_id': '123456789012', 'd_name': 'Dr. John Carter', 'p_id': '111222333444', 'p_name': 'Robert Brown', 'pr_date': 'Fri, 01 Mar 2024 00:00:00 GMT', 'pr_no': 21}, {'d_id': '012345678901', 'd_name': 'Dr. Richard Webber', 'p_id': '001122334455', 'p_name': 'Margaret Hall', 'pr_date': 'Sun, 25 Feb 2024 00:00:00 GMT', 'pr_no': 20}, {'d_id': '901... [truncated]
[2025-04-22 00:00:01,657] INFO in logger: REQUEST: GET /prescription_drugs/4
[2025-04-22 00:00:01,679] INFO in logger: RESPONSE: /prescription_drugs/4, STATUS: 200, DATA: [{'pc_name': 'GlaxoSmithKline', 'quantity': 1, 'trade_name': 'Ventolin'}]
[2025-04-22 00:00:18,472] INFO in logger: REQUEST: POST /add_prescription_drug, PARAMS: {'pr_no': '4', 'pc_name': 'AstraGenaka', 'trade_name': 'pookie', 'quantity': '1'}
[2025-04-22 00:00:18,494] INFO in logger: RESPONSE: /add_prescription_drug, STATUS: 302
[2025-04-22 00:00:18,498] INFO in logger: REQUEST: GET /prescriptions
[2025-04-22 00:00:18,500] INFO in logger: RESPONSE: /prescriptions, STATUS: 200
[2025-04-22 00:00:18,504] INFO in logger: REQUEST: GET /prescription_drugs/4
[2025-04-22 00:00:18,514] INFO in logger: RESPONSE: /prescription_drugs/4, STATUS: 200, DATA: [{'pc_name': 'GlaxoSmithKline', 'quantity': 1, 'trade_name': 'Ventolin'}]
[2025-04-22 00:00:21,403] INFO in logger: REQUEST: GET /prescription_drugs/4
[2025-04-22 00:00:21,421] INFO in logger: RESPONSE: /prescription_drugs/4, STATUS: 200, DATA: [{'pc_name': 'GlaxoSmithKline', 'quantity': 1, 'trade_name': 'Ventolin'}]
[2025-04-22 00:00:24,229] INFO in logger: REQUEST: GET /patient_report
[2025-04-22 00:00:24,235] INFO in logger: RESPONSE: /patient_report, STATUS: 200
[2025-04-22 00:00:25,029] INFO in logger: REQUEST: GET /logs
[2025-04-22 00:00:25,030] INFO in logger: RESPONSE: /logs, STATUS: 200
[2025-04-22 00:00:25,837] INFO in logger: REQUEST: GET /logs/database
[2025-04-22 00:00:25,838] INFO in logger: RESPONSE: /logs/database, STATUS: 200
[2025-04-22 00:01:13,066] INFO in logger: REQUEST: GET /logs/database
[2025-04-22 00:01:13,067] INFO in logger: RESPONSE: /logs/database, STATUS: 200
[2025-04-22 00:01:16,455] INFO in logger: REQUEST: GET /pharmacies
[2025-04-22 00:01:16,457] INFO in logger: RESPONSE: /pharmacies, STATUS: 200
[2025-04-22 00:01:16,498] INFO in logger: REQUEST: GET /pharmacies, PARAMS: {'_': '1745260276482'}
[2025-04-22 00:01:16,506] INFO in logger: RESPONSE: /pharmacies, STATUS: 200, DATA: [{'ph_add': '505 Willow Ave, Houston, TZy', 'ph_contact': '+1-713-555-8901', 'ph_name': 'Apollo Pharmacy'}, {'ph_add': '202 Elm St, Austin, TX', 'ph_contact': '+1-512-555-5679', 'ph_name': 'Care Pharmacy'}, {'ph_add': '101 Maple Blvd, Boston, MA', 'ph_contact': '+1-617-555-4567', 'ph_name': 'City Drugs'}, {'ph_add': '404 Birch Dr, Miami, FL', 'ph_contact': '+1-305-555-7890', 'ph_name': 'Family Pharma'}, {'ph_add': '456 Oak Ave, Chicago, IL', 'ph_contact': '+1-312-555-2345', 'ph_name': 'HealthMart'}, {'ph_add': 'lite', 'ph_contact': '12345678', 'ph_name': 'Idk'}, {'ph_add': '606 Spruce St, Denver, CO', 'ph_contact': '+1-303-555-9012', 'ph_name': 'Lifecare Drugs'}, {'ph_add': '123 Main St, New York, NY', 'ph_contact': '+1-212-555-1234', 'ph_name': 'MedPlus'}, {'ph_add': '707 Aspen Ct, Atlanta, GA', 'ph_contact': '+1-404-555-0123', 'ph_name': 'Metro Meds'}, {'ph_add': '303 Cedar Ln, Seattle, WA', 'ph_contact': '+1-206-555-6789', 'ph_name': 'Quick Meds'}, {'ph_add': '789 Pine Rd, San Franc... [truncated]
[2025-04-22 00:01:17,799] INFO in logger: REQUEST: GET /patients
[2025-04-22 00:01:17,806] INFO in logger: RESPONSE: /patients, STATUS: 200
[2025-04-22 00:01:17,844] INFO in logger: REQUEST: GET /patients, PARAMS: {'_': '1745260277830'}
[2025-04-22 00:01:17,861] INFO in logger: RESPONSE: /patients, STATUS: 200, DATA: [{'d_name': 'Dr. Richard Webber', 'p_aadhar': '000111222333', 'p_add': '707 Tenth Dr, San Jose, CA', 'p_age': 63, 'p_doc_aid': '012345678901', 'p_name': 'Sarah Martinez'}, {'d_name': 'Dr. Richard Webber', 'p_aadhar': '001122334455', 'p_add': '817 Twentieth Ave, Seattle, WA', 'p_age': 51, 'p_doc_aid': '012345678901', 'p_name': 'Margaret Hall'}, {'d_name': 'Dr. John Carter', 'p_aadhar': '111222333444', 'p_add': '123 First St, New York, NY', 'p_age': 45, 'p_doc_aid': '123456789012', 'p_name': 'Robert Brown'}, {'d_name': 'Dr. John Carter', 'p_aadhar': '112233445566', 'p_add': '808 Eleventh St, Austin, TX', 'p_age': 39, 'p_doc_aid': '123456789012', 'p_name': 'Charles Taylor'}, {'d_name': 'Dr. Meredith Grey', 'p_aadhar': '222333444555', 'p_add': '456 Second Ave, Los Angeles, CA', 'p_age': 32, 'p_doc_aid': '234567890123', 'p_name': 'Susan White'}, {'d_name': 'Dr. Meredith Grey', 'p_aadhar': '223344556677', 'p_add': '909 Twelfth Ave, Jacksonville, FL', 'p_age': 55, 'p_doc_aid': '234567890123',... [truncated]
[2025-04-22 00:01:18,445] INFO in logger: REQUEST: GET /prescriptions
[2025-04-22 00:01:18,449] INFO in logger: RESPONSE: /prescriptions, STATUS: 200
[2025-04-22 00:01:18,490] INFO in logger: REQUEST: GET /prescriptions, PARAMS: {'_': '1745260278474'}
[2025-04-22 00:01:18,508] INFO in logger: RESPONSE: /prescriptions, STATUS: 200, DATA: [{'d_id': '567890123456', 'd_name': 'Dr. Derek Shepherd', 'p_id': '555666777888', 'p_name': 'David Wilson', 'pr_date': 'Tue, 12 Mar 2024 00:00:00 GMT', 'pr_no': 25}, {'d_id': '456789012345', 'd_name': 'Dr. Cristina Yang', 'p_id': '444555666777', 'p_name': 'Emily Davis', 'pr_date': 'Sun, 10 Mar 2024 00:00:00 GMT', 'pr_no': 24}, {'d_id': '345678901234', 'd_name': 'Dr. Gregory House', 'p_id': '333444555666', 'p_name': 'Michael Johnson', 'pr_date': 'Fri, 08 Mar 2024 00:00:00 GMT', 'pr_no': 23}, {'d_id': '234567890123', 'd_name': 'Dr. Meredith Grey', 'p_id': '222333444555', 'p_name': 'Susan White', 'pr_date': 'Tue, 05 Mar 2024 00:00:00 GMT', 'pr_no': 22}, {'d_id': '123456789012', 'd_name': 'Dr. John Carter', 'p_id': '111222333444', 'p_name': 'Robert Brown', 'pr_date': 'Fri, 01 Mar 2024 00:00:00 GMT', 'pr_no': 21}, {'d_id': '012345678901', 'd_name': 'Dr. Richard Webber', 'p_id': '001122334455', 'p_name': 'Margaret Hall', 'pr_date': 'Sun, 25 Feb 2024 00:00:00 GMT', 'pr_no': 20}, {'d_id': '901... [truncated]
[2025-04-22 00:01:19,016] INFO in logger: REQUEST: GET /patient_report
[2025-04-22 00:01:19,017] INFO in logger: RESPONSE: /patient_report, STATUS: 200
[2025-04-22 00:01:19,466] INFO in logger: REQUEST: GET /companies
[2025-04-22 00:01:19,467] INFO in logger: RESPONSE: /companies, STATUS: 200
[2025-04-22 00:01:19,506] INFO in logger: REQUEST: GET /companies, PARAMS: {'_': '1745260279492'}
[2025-04-22 00:01:19,518] INFO in logger: RESPONSE: /companies, STATUS: 200, DATA: [{'pc_contact': '+44-20-7604-8008', 'pc_name': 'AstraZeneca'}, {'pc_contact': '+49-214-30-1', 'pc_name': 'Bayer'}, {'pc_contact': '+44-20-8047-5000', 'pc_name': 'GlaxoSmithKline'}, {'pc_contact': '9515729876', 'pc_name': "Hemnath's Pharmacy"}, {'pc_contact': '+1-732-524-0400', 'pc_name': 'Johnson & Johnson'}, {'pc_contact': '+1-908-740-4000', 'pc_name': 'Merck'}, {'pc_contact': '+41-61-324-1111', 'pc_name': 'Novartis'}, {'pc_contact': '+1-212-733-2323', 'pc_name': 'Pfizer'}, {'pc_contact': '+41-61-688-1111', 'pc_name': 'Roche'}, {'pc_contact': '+33-1-53-77-40-00', 'pc_name': 'Sanofi'}, {'pc_contact': '+91-22-4324-4324', 'pc_name': 'Sun Pharma'}]
[2025-04-22 00:01:19,845] INFO in logger: REQUEST: GET /companies
[2025-04-22 00:01:19,845] INFO in logger: RESPONSE: /companies, STATUS: 200
[2025-04-22 00:01:19,879] INFO in logger: REQUEST: GET /companies, PARAMS: {'_': '1745260279866'}
[2025-04-22 00:01:19,891] INFO in logger: RESPONSE: /companies, STATUS: 200, DATA: [{'pc_contact': '+44-20-7604-8008', 'pc_name': 'AstraZeneca'}, {'pc_contact': '+49-214-30-1', 'pc_name': 'Bayer'}, {'pc_contact': '+44-20-8047-5000', 'pc_name': 'GlaxoSmithKline'}, {'pc_contact': '9515729876', 'pc_name': "Hemnath's Pharmacy"}, {'pc_contact': '+1-732-524-0400', 'pc_name': 'Johnson & Johnson'}, {'pc_contact': '+1-908-740-4000', 'pc_name': 'Merck'}, {'pc_contact': '+41-61-324-1111', 'pc_name': 'Novartis'}, {'pc_contact': '+1-212-733-2323', 'pc_name': 'Pfizer'}, {'pc_contact': '+41-61-688-1111', 'pc_name': 'Roche'}, {'pc_contact': '+33-1-53-77-40-00', 'pc_name': 'Sanofi'}, {'pc_contact': '+91-22-4324-4324', 'pc_name': 'Sun Pharma'}]
[2025-04-22 00:01:20,139] INFO in logger: REQUEST: GET /doctors
[2025-04-22 00:01:20,140] INFO in logger: RESPONSE: /doctors, STATUS: 200
[2025-04-22 00:01:20,173] INFO in logger: REQUEST: GET /doctors, PARAMS: {'_': '1745260280159'}
[2025-04-22 00:01:20,189] INFO in logger: RESPONSE: /doctors, STATUS: 200, DATA: [{'d_aadhar': '012345678901', 'd_name': 'Dr. Richard Webber', 'spec': 'General Surgery'}, {'d_aadhar': '123456789012', 'd_name': 'Dr. John Carter', 'spec': 'Cardiology'}, {'d_aadhar': '234567890123', 'd_name': 'Dr. Meredith Grey', 'spec': 'Neurology'}, {'d_aadhar': '345678901234', 'd_name': 'Dr. Gregory House', 'spec': 'Diagnostics'}, {'d_aadhar': '456789012345', 'd_name': 'Dr. Cristina Yang', 'spec': 'Cardiothoracic'}, {'d_aadhar': '567890123456', 'd_name': 'Dr. Derek Shepherd', 'spec': 'Neurosurgery'}, {'d_aadhar': '678901234567', 'd_name': 'Dr. Lisa Cuddy', 'spec': 'Administration'}, {'d_aadhar': '789012345678', 'd_name': 'Dr. Miranda Bailey', 'spec': 'General Surgery'}, {'d_aadhar': '890123456789', 'd_name': 'Dr. James Wilson', 'spec': 'Oncology'}, {'d_aadhar': '901234567890', 'd_name': 'Dr. Allison Cameron Reddy', 'spec': 'Immunology'}]
[2025-04-22 00:01:20,385] INFO in logger: REQUEST: GET /doctors
[2025-04-22 00:01:20,386] INFO in logger: RESPONSE: /doctors, STATUS: 200
[2025-04-22 00:01:20,415] INFO in logger: REQUEST: GET /doctors, PARAMS: {'_': '1745260280402'}
[2025-04-22 00:01:20,425] INFO in logger: RESPONSE: /doctors, STATUS: 200, DATA: [{'d_aadhar': '012345678901', 'd_name': 'Dr. Richard Webber', 'spec': 'General Surgery'}, {'d_aadhar': '123456789012', 'd_name': 'Dr. John Carter', 'spec': 'Cardiology'}, {'d_aadhar': '234567890123', 'd_name': 'Dr. Meredith Grey', 'spec': 'Neurology'}, {'d_aadhar': '345678901234', 'd_name': 'Dr. Gregory House', 'spec': 'Diagnostics'}, {'d_aadhar': '456789012345', 'd_name': 'Dr. Cristina Yang', 'spec': 'Cardiothoracic'}, {'d_aadhar': '567890123456', 'd_name': 'Dr. Derek Shepherd', 'spec': 'Neurosurgery'}, {'d_aadhar': '678901234567', 'd_name': 'Dr. Lisa Cuddy', 'spec': 'Administration'}, {'d_aadhar': '789012345678', 'd_name': 'Dr. Miranda Bailey', 'spec': 'General Surgery'}, {'d_aadhar': '890123456789', 'd_name': 'Dr. James Wilson', 'spec': 'Oncology'}, {'d_aadhar': '901234567890', 'd_name': 'Dr. Allison Cameron Reddy', 'spec': 'Immunology'}]
[2025-04-22 00:01:20,620] INFO in logger: REQUEST: GET /patients
[2025-04-22 00:01:20,621] INFO in logger: RESPONSE: /patients, STATUS: 200
[2025-04-22 00:01:20,652] INFO in logger: REQUEST: GET /patients, PARAMS: {'_': '1745260280640'}
[2025-04-22 00:01:20,660] INFO in logger: RESPONSE: /patients, STATUS: 200, DATA: [{'d_name': 'Dr. Richard Webber', 'p_aadhar': '000111222333', 'p_add': '707 Tenth Dr, San Jose, CA', 'p_age': 63, 'p_doc_aid': '012345678901', 'p_name': 'Sarah Martinez'}, {'d_name': 'Dr. Richard Webber', 'p_aadhar': '001122334455', 'p_add': '817 Twentieth Ave, Seattle, WA', 'p_age': 51, 'p_doc_aid': '012345678901', 'p_name': 'Margaret Hall'}, {'d_name': 'Dr. John Carter', 'p_aadhar': '111222333444', 'p_add': '123 First St, New York, NY', 'p_age': 45, 'p_doc_aid': '123456789012', 'p_name': 'Robert Brown'}, {'d_name': 'Dr. John Carter', 'p_aadhar': '112233445566', 'p_add': '808 Eleventh St, Austin, TX', 'p_age': 39, 'p_doc_aid': '123456789012', 'p_name': 'Charles Taylor'}, {'d_name': 'Dr. Meredith Grey', 'p_aadhar': '222333444555', 'p_add': '456 Second Ave, Los Angeles, CA', 'p_age': 32, 'p_doc_aid': '234567890123', 'p_name': 'Susan White'}, {'d_name': 'Dr. Meredith Grey', 'p_aadhar': '223344556677', 'p_add': '909 Twelfth Ave, Jacksonville, FL', 'p_age': 55, 'p_doc_aid': '234567890123',... [truncated]
[2025-04-22 00:01:20,882] INFO in logger: REQUEST: GET /prescriptions
[2025-04-22 00:01:20,884] INFO in logger: RESPONSE: /prescriptions, STATUS: 200
[2025-04-22 00:01:20,920] INFO in logger: REQUEST: GET /prescriptions, PARAMS: {'_': '1745260280906'}
[2025-04-22 00:01:20,935] INFO in logger: RESPONSE: /prescriptions, STATUS: 200, DATA: [{'d_id': '567890123456', 'd_name': 'Dr. Derek Shepherd', 'p_id': '555666777888', 'p_name': 'David Wilson', 'pr_date': 'Tue, 12 Mar 2024 00:00:00 GMT', 'pr_no': 25}, {'d_id': '456789012345', 'd_name': 'Dr. Cristina Yang', 'p_id': '444555666777', 'p_name': 'Emily Davis', 'pr_date': 'Sun, 10 Mar 2024 00:00:00 GMT', 'pr_no': 24}, {'d_id': '345678901234', 'd_name': 'Dr. Gregory House', 'p_id': '333444555666', 'p_name': 'Michael Johnson', 'pr_date': 'Fri, 08 Mar 2024 00:00:00 GMT', 'pr_no': 23}, {'d_id': '234567890123', 'd_name': 'Dr. Meredith Grey', 'p_id': '222333444555', 'p_name': 'Susan White', 'pr_date': 'Tue, 05 Mar 2024 00:00:00 GMT', 'pr_no': 22}, {'d_id': '123456789012', 'd_name': 'Dr. John Carter', 'p_id': '111222333444', 'p_name': 'Robert Brown', 'pr_date': 'Fri, 01 Mar 2024 00:00:00 GMT', 'pr_no': 21}, {'d_id': '012345678901', 'd_name': 'Dr. Richard Webber', 'p_id': '001122334455', 'p_name': 'Margaret Hall', 'pr_date': 'Sun, 25 Feb 2024 00:00:00 GMT', 'pr_no': 20}, {'d_id': '901... [truncated]
[2025-04-22 00:01:21,233] INFO in logger: REQUEST: GET /prescriptions
[2025-04-22 00:01:21,234] INFO in logger: RESPONSE: /prescriptions, STATUS: 200
[2025-04-22 00:01:21,269] INFO in logger: REQUEST: GET /prescriptions, PARAMS: {'_': '1745260281255'}
[2025-04-22 00:01:21,286] INFO in logger: RESPONSE: /prescriptions, STATUS: 200, DATA: [{'d_id': '567890123456', 'd_name': 'Dr. Derek Shepherd', 'p_id': '555666777888', 'p_name': 'David Wilson', 'pr_date': 'Tue, 12 Mar 2024 00:00:00 GMT', 'pr_no': 25}, {'d_id': '456789012345', 'd_name': 'Dr. Cristina Yang', 'p_id': '444555666777', 'p_name': 'Emily Davis', 'pr_date': 'Sun, 10 Mar 2024 00:00:00 GMT', 'pr_no': 24}, {'d_id': '345678901234', 'd_name': 'Dr. Gregory House', 'p_id': '333444555666', 'p_name': 'Michael Johnson', 'pr_date': 'Fri, 08 Mar 2024 00:00:00 GMT', 'pr_no': 23}, {'d_id': '234567890123', 'd_name': 'Dr. Meredith Grey', 'p_id': '222333444555', 'p_name': 'Susan White', 'pr_date': 'Tue, 05 Mar 2024 00:00:00 GMT', 'pr_no': 22}, {'d_id': '123456789012', 'd_name': 'Dr. John Carter', 'p_id': '111222333444', 'p_name': 'Robert Brown', 'pr_date': 'Fri, 01 Mar 2024 00:00:00 GMT', 'pr_no': 21}, {'d_id': '012345678901', 'd_name': 'Dr. Richard Webber', 'p_id': '001122334455', 'p_name': 'Margaret Hall', 'pr_date': 'Sun, 25 Feb 2024 00:00:00 GMT', 'pr_no': 20}, {'d_id': '901... [truncated]
[2025-04-22 00:01:21,489] INFO in logger: REQUEST: GET /prescriptions
[2025-04-22 00:01:21,490] INFO in logger: RESPONSE: /prescriptions, STATUS: 200
[2025-04-22 00:01:21,530] INFO in logger: REQUEST: GET /prescriptions, PARAMS: {'_': '1745260281510'}
[2025-04-22 00:01:21,542] INFO in logger: RESPONSE: /prescriptions, STATUS: 200, DATA: [{'d_id': '567890123456', 'd_name': 'Dr. Derek Shepherd', 'p_id': '555666777888', 'p_name': 'David Wilson', 'pr_date': 'Tue, 12 Mar 2024 00:00:00 GMT', 'pr_no': 25}, {'d_id': '456789012345', 'd_name': 'Dr. Cristina Yang', 'p_id': '444555666777', 'p_name': 'Emily Davis', 'pr_date': 'Sun, 10 Mar 2024 00:00:00 GMT', 'pr_no': 24}, {'d_id': '345678901234', 'd_name': 'Dr. Gregory House', 'p_id': '333444555666', 'p_name': 'Michael Johnson', 'pr_date': 'Fri, 08 Mar 2024 00:00:00 GMT', 'pr_no': 23}, {'d_id': '234567890123', 'd_name': 'Dr. Meredith Grey', 'p_id': '222333444555', 'p_name': 'Susan White', 'pr_date': 'Tue, 05 Mar 2024 00:00:00 GMT', 'pr_no': 22}, {'d_id': '123456789012', 'd_name': 'Dr. John Carter', 'p_id': '111222333444', 'p_name': 'Robert Brown', 'pr_date': 'Fri, 01 Mar 2024 00:00:00 GMT', 'pr_no': 21}, {'d_id': '012345678901', 'd_name': 'Dr. Richard Webber', 'p_id': '001122334455', 'p_name': 'Margaret Hall', 'pr_date': 'Sun, 25 Feb 2024 00:00:00 GMT', 'pr_no': 20}, {'d_id': '901... [truncated]
[2025-04-22 00:01:21,798] INFO in logger: REQUEST: GET /patient_report
[2025-04-22 00:01:21,799] INFO in logger: RESPONSE: /patient_report, STATUS: 200
[2025-04-22 00:01:22,090] INFO in logger: REQUEST: GET /patients
[2025-04-22 00:01:22,090] INFO in logger: RESPONSE: /patients, STATUS: 200
[2025-04-22 00:01:22,122] INFO in logger: REQUEST: GET /patients, PARAMS: {'_': '1745260282108'}
[2025-04-22 00:01:22,135] INFO in logger: RESPONSE: /patients, STATUS: 200, DATA: [{'d_name': 'Dr. Richard Webber', 'p_aadhar': '000111222333', 'p_add': '707 Tenth Dr, San Jose, CA', 'p_age': 63, 'p_doc_aid': '012345678901', 'p_name': 'Sarah Martinez'}, {'d_name': 'Dr. Richard Webber', 'p_aadhar': '001122334455', 'p_add': '817 Twentieth Ave, Seattle, WA', 'p_age': 51, 'p_doc_aid': '012345678901', 'p_name': 'Margaret Hall'}, {'d_name': 'Dr. John Carter', 'p_aadhar': '111222333444', 'p_add': '123 First St, New York, NY', 'p_age': 45, 'p_doc_aid': '123456789012', 'p_name': 'Robert Brown'}, {'d_name': 'Dr. John Carter', 'p_aadhar': '112233445566', 'p_add': '808 Eleventh St, Austin, TX', 'p_age': 39, 'p_doc_aid': '123456789012', 'p_name': 'Charles Taylor'}, {'d_name': 'Dr. Meredith Grey', 'p_aadhar': '222333444555', 'p_add': '456 Second Ave, Los Angeles, CA', 'p_age': 32, 'p_doc_aid': '234567890123', 'p_name': 'Susan White'}, {'d_name': 'Dr. Meredith Grey', 'p_aadhar': '223344556677', 'p_add': '909 Twelfth Ave, Jacksonville, FL', 'p_age': 55, 'p_doc_aid': '234567890123',... [truncated]
[2025-04-22 00:01:24,137] INFO in logger: REQUEST: GET /patient_prescriptions/112233445566
[2025-04-22 00:01:24,146] INFO in logger: RESPONSE: /patient_prescriptions/112233445566, STATUS: 200, DATA: [{'doctor_name': 'Dr. John Carter', 'pr_date': 'Sat, 03 Feb 2024 00:00:00 GMT', 'pr_no': 11}]
[2025-04-22 00:01:25,567] INFO in logger: REQUEST: POST /prescription_details, PARAMS: {'p_aadhar': '112233445566', 'pr_date': 'Sat, 03 Feb 2024 00:00:00 GMT'}
[2025-04-22 00:01:25,591] INFO in logger: RESPONSE: /prescription_details, STATUS: 200
[2025-04-22 00:01:28,839] INFO in logger: REQUEST: GET /logs
[2025-04-22 00:01:28,840] INFO in logger: RESPONSE: /logs, STATUS: 200
[2025-04-22 00:01:30,146] INFO in logger: REQUEST: GET /logs/database
[2025-04-22 00:01:30,147] INFO in logger: RESPONSE: /logs/database, STATUS: 200
[2025-04-22 00:01:59,677] INFO in logger: REQUEST: GET /pharmacies
[2025-04-22 00:01:59,678] INFO in logger: RESPONSE: /pharmacies, STATUS: 200
[2025-04-22 00:01:59,718] INFO in logger: REQUEST: GET /pharmacies, PARAMS: {'_': '1745260319703'}
[2025-04-22 00:01:59,729] INFO in logger: RESPONSE: /pharmacies, STATUS: 200, DATA: [{'ph_add': '505 Willow Ave, Houston, TZy', 'ph_contact': '+1-713-555-8901', 'ph_name': 'Apollo Pharmacy'}, {'ph_add': '202 Elm St, Austin, TX', 'ph_contact': '+1-512-555-5679', 'ph_name': 'Care Pharmacy'}, {'ph_add': '101 Maple Blvd, Boston, MA', 'ph_contact': '+1-617-555-4567', 'ph_name': 'City Drugs'}, {'ph_add': '404 Birch Dr, Miami, FL', 'ph_contact': '+1-305-555-7890', 'ph_name': 'Family Pharma'}, {'ph_add': '456 Oak Ave, Chicago, IL', 'ph_contact': '+1-312-555-2345', 'ph_name': 'HealthMart'}, {'ph_add': 'lite', 'ph_contact': '12345678', 'ph_name': 'Idk'}, {'ph_add': '606 Spruce St, Denver, CO', 'ph_contact': '+1-303-555-9012', 'ph_name': 'Lifecare Drugs'}, {'ph_add': '123 Main St, New York, NY', 'ph_contact': '+1-212-555-1234', 'ph_name': 'MedPlus'}, {'ph_add': '707 Aspen Ct, Atlanta, GA', 'ph_contact': '+1-404-555-0123', 'ph_name': 'Metro Meds'}, {'ph_add': '303 Cedar Ln, Seattle, WA', 'ph_contact': '+1-206-555-6789', 'ph_name': 'Quick Meds'}, {'ph_add': '789 Pine Rd, San Franc... [truncated]
[2025-04-22 00:02:00,483] INFO in logger: REQUEST: GET /logs
[2025-04-22 00:02:00,484] INFO in logger: RESPONSE: /logs, STATUS: 200
